<?xml version="1.0" encoding="UTF-8"?>
<testng-results skipped="0" failed="0" ignored="0" total="1" passed="1">
  <reporter-output>
  </reporter-output>
  <suite name="Default suite" duration-ms="166243" started-at="2018-01-16T15:31:12Z" finished-at="2018-01-16T15:33:59Z">
    <groups>
    </groups>
    <test name="Default test" duration-ms="166243" started-at="2018-01-16T15:31:12Z" finished-at="2018-01-16T15:33:59Z">
      <class name="driver.DriverScript">
        <test-method status="PASS" signature="f()[pri:0, instance:driver.DriverScript@4b9e13df]" name="f" duration-ms="166207" started-at="2018-01-16T21:01:12Z" finished-at="2018-01-16T21:03:59Z">
          <reporter-output>
          </reporter-output>
        </test-method> <!-- f -->
      </class> <!-- driver.DriverScript -->
    </test> <!-- Default test -->
  </suite> <!-- Default suite -->
</testng-results>
